

Started GET "/" for ::1 at 2016-10-05 17:26:18 -0400
Processing by HomeController#index as HTML
  Rendered home/index.html.erb within layouts/application (2.3ms)
Completed 200 OK in 428ms (Views: 416.1ms)


Started GET "/assets/application.self-8f06a73c35179188914ab50e057157639fce1401c1cdca640ac9cec33746fc5b.js?body=1" for ::1 at 2016-10-05 17:26:18 -0400


Started GET "/assets/application.self-db56d038f6dddb243970950e652264156d25f1ed42d71f96f683b136ac5234a6.css?body=1" for ::1 at 2016-10-05 17:26:18 -0400


Started GET "/" for ::1 at 2016-10-05 17:26:31 -0400
Processing by HomeController#index as HTML
  Rendered home/index.html.erb within layouts/application (0.1ms)
  Rendered layouts/_navbar.html.erb (0.4ms)
Completed 200 OK in 30ms (Views: 29.9ms)


Started GET "/assets/application.self-db56d038f6dddb243970950e652264156d25f1ed42d71f96f683b136ac5234a6.css?body=1" for ::1 at 2016-10-05 17:26:31 -0400


Started GET "/assets/jquery.self-c64a74367bda6ef8b860f19e74df08927ca99d2be2ac934e9e92d5fd361e0da4.js?body=1" for ::1 at 2016-10-05 17:26:31 -0400


Started GET "/assets/application.self-8f06a73c35179188914ab50e057157639fce1401c1cdca640ac9cec33746fc5b.js?body=1" for ::1 at 2016-10-05 17:26:31 -0400


Started GET "/" for ::1 at 2016-10-05 17:26:31 -0400
Processing by HomeController#index as HTML
  Rendered home/index.html.erb within layouts/application (0.1ms)
  Rendered layouts/_navbar.html.erb (0.1ms)
Completed 200 OK in 28ms (Views: 27.2ms)


Started GET "/assets/application.self-db56d038f6dddb243970950e652264156d25f1ed42d71f96f683b136ac5234a6.css?body=1" for ::1 at 2016-10-05 17:26:32 -0400


Started GET "/assets/jquery.self-c64a74367bda6ef8b860f19e74df08927ca99d2be2ac934e9e92d5fd361e0da4.js?body=1" for ::1 at 2016-10-05 17:26:32 -0400


Started GET "/assets/application.self-8f06a73c35179188914ab50e057157639fce1401c1cdca640ac9cec33746fc5b.js?body=1" for ::1 at 2016-10-05 17:26:32 -0400


Started GET "/" for ::1 at 2016-10-05 17:26:41 -0400
Processing by HomeController#index as HTML
  Rendered home/index.html.erb within layouts/application (0.0ms)
  Rendered layouts/_navbar.html.erb (0.6ms)
Completed 200 OK in 20ms (Views: 19.1ms)


Started GET "/assets/application.self-db56d038f6dddb243970950e652264156d25f1ed42d71f96f683b136ac5234a6.css?body=1" for ::1 at 2016-10-05 17:26:41 -0400


Started GET "/assets/application.self-8f06a73c35179188914ab50e057157639fce1401c1cdca640ac9cec33746fc5b.js?body=1" for ::1 at 2016-10-05 17:26:41 -0400


Started GET "/assets/jquery.self-c64a74367bda6ef8b860f19e74df08927ca99d2be2ac934e9e92d5fd361e0da4.js?body=1" for ::1 at 2016-10-05 17:26:41 -0400


Started GET "/" for ::1 at 2016-10-05 17:26:53 -0400
Processing by HomeController#index as HTML
  Rendered home/index.html.erb within layouts/application (0.0ms)
Completed 500 Internal Server Error in 28ms

ActionView::Template::Error (Missing partial home/_navbar, application/_navbar with {:locale=>[:en], :formats=>[:html], :variants=>[], :handlers=>[:erb, :builder, :raw, :ruby, :coffee, :jbuilder]}. Searched in:
  * "/Users/flatironschool/bootstrap-example-rails-lab-wdf-000/app/views"
):
     6:   <%= stylesheet_link_tag 'application', media: 'all', 'data-turbolinks-track' => true %>
     7: </head>
     8: <body>
     9:   <% render 'navbar' %>
    10: <div class="container">
    11:  <div class="row">
    12:    <div class="col-lg-4">
  app/views/layouts/application.html.erb:9:in `_app_views_layouts_application_html_erb__761461316880383618_70242959389440'


  Rendered /usr/local/lib/ruby/gems/2.3.0/gems/actionpack-4.2.5.1/lib/action_dispatch/middleware/templates/rescues/_source.erb (8.0ms)
  Rendered /usr/local/lib/ruby/gems/2.3.0/gems/actionpack-4.2.5.1/lib/action_dispatch/middleware/templates/rescues/_trace.html.erb (3.6ms)
  Rendered /usr/local/lib/ruby/gems/2.3.0/gems/actionpack-4.2.5.1/lib/action_dispatch/middleware/templates/rescues/_request_and_response.html.erb (1.3ms)
  Rendered /usr/local/lib/ruby/gems/2.3.0/gems/actionpack-4.2.5.1/lib/action_dispatch/middleware/templates/rescues/template_error.html.erb within rescues/layout (80.3ms)
  Rendered /usr/local/lib/ruby/gems/2.3.0/gems/web-console-2.3.0/lib/web_console/templates/_markup.html.erb (1.0ms)
  Rendered /usr/local/lib/ruby/gems/2.3.0/gems/web-console-2.3.0/lib/web_console/templates/_inner_console_markup.html.erb within layouts/inlined_string (1.5ms)
  Rendered /usr/local/lib/ruby/gems/2.3.0/gems/web-console-2.3.0/lib/web_console/templates/_prompt_box_markup.html.erb within layouts/inlined_string (0.4ms)
  Rendered /usr/local/lib/ruby/gems/2.3.0/gems/web-console-2.3.0/lib/web_console/templates/style.css.erb within layouts/inlined_string (0.9ms)
  Rendered /usr/local/lib/ruby/gems/2.3.0/gems/web-console-2.3.0/lib/web_console/templates/console.js.erb within layouts/javascript (80.6ms)
  Rendered /usr/local/lib/ruby/gems/2.3.0/gems/web-console-2.3.0/lib/web_console/templates/main.js.erb within layouts/javascript (0.5ms)
  Rendered /usr/local/lib/ruby/gems/2.3.0/gems/web-console-2.3.0/lib/web_console/templates/error_page.js.erb within layouts/javascript (1.4ms)
  Rendered /usr/local/lib/ruby/gems/2.3.0/gems/web-console-2.3.0/lib/web_console/templates/index.html.erb (171.0ms)


Started GET "/" for ::1 at 2016-10-05 17:27:05 -0400
Processing by HomeController#index as HTML
  Rendered home/index.html.erb within layouts/application (0.1ms)
  Rendered layouts/_navbar.html.erb (0.1ms)
Completed 200 OK in 18ms (Views: 17.1ms)


Started GET "/assets/application.self-db56d038f6dddb243970950e652264156d25f1ed42d71f96f683b136ac5234a6.css?body=1" for ::1 at 2016-10-05 17:27:05 -0400


Started GET "/assets/jquery.self-c64a74367bda6ef8b860f19e74df08927ca99d2be2ac934e9e92d5fd361e0da4.js?body=1" for ::1 at 2016-10-05 17:27:05 -0400


Started GET "/assets/application.self-8f06a73c35179188914ab50e057157639fce1401c1cdca640ac9cec33746fc5b.js?body=1" for ::1 at 2016-10-05 17:27:05 -0400


Started GET "/" for ::1 at 2016-10-05 17:27:32 -0400
Processing by HomeController#index as HTML
  Rendered home/index.html.erb within layouts/application (0.0ms)
  Rendered layouts/_navbar.html.erb (0.3ms)
Completed 200 OK in 18ms (Views: 17.4ms)


Started GET "/assets/application.self-db56d038f6dddb243970950e652264156d25f1ed42d71f96f683b136ac5234a6.css?body=1" for ::1 at 2016-10-05 17:27:32 -0400


Started GET "/assets/jquery.self-c64a74367bda6ef8b860f19e74df08927ca99d2be2ac934e9e92d5fd361e0da4.js?body=1" for ::1 at 2016-10-05 17:27:32 -0400


Started GET "/assets/application.self-8f06a73c35179188914ab50e057157639fce1401c1cdca640ac9cec33746fc5b.js?body=1" for ::1 at 2016-10-05 17:27:32 -0400
